<?xml version="1.0" encoding="UTF-8"?>
<!-- Generated by org.testng.reporters.JUnitXMLReporter -->
<testsuite ignored="2" hostname="Thameeras-Mac-mini.local" failures="0" tests="1" name="Surefire test" time="6.24" errors="0" timestamp="2025-03-13T14:28:48 IST">
  <testcase classname="com.devstack.automation.tests.login.LoginTest" name="loginTest" time="2.548"/>
  <testcase classname="com.devstack.automation.testbase.SeleniumTestBaseHelper" name="@BeforeSuite beforeSuite" time="0.0">
    <ignored/>
  </testcase> <!-- @BeforeSuite beforeSuite -->
  <testcase classname="com.devstack.automation.testbase.SeleniumTestBaseHelper" name="@AfterSuite afterSuite" time="0.0">
    <ignored/>
  </testcase> <!-- @AfterSuite afterSuite -->
</testsuite> <!-- Surefire test -->
