<?xml version="1.0" encoding="UTF-8"?>
<testng-results ignored="0" total="1" passed="1" failed="0" skipped="0">
  <reporter-output>
  </reporter-output>
  <suite started-at="2025-03-13T14:28:41 IST" name="Surefire suite" finished-at="2025-03-13T14:28:48 IST" duration-ms="6240">
    <groups>
    </groups>
    <test started-at="2025-03-13T14:28:41 IST" name="Surefire test" finished-at="2025-03-13T14:28:48 IST" duration-ms="6240">
      <class name="com.devstack.automation.tests.login.LoginTest">
        <test-method is-config="true" signature="beforeMethod(java.lang.reflect.Method)[pri:0, instance:com.devstack.automation.tests.login.LoginTest@71c8becc]" started-at="2025-03-13T14:28:42 IST" name="beforeMethod" finished-at="2025-03-13T14:28:45 IST" duration-ms="3410" status="PASS">
          <params>
            <param index="0">
              <value>
                <![CDATA[public void com.devstack.automation.tests.login.LoginTest.loginTest(com.devstack.automation.model.LoginTestData)]]>
              </value>
            </param>
          </params>
          <reporter-output>
          </reporter-output>
        </test-method> <!-- beforeMethod -->
        <test-method signature="loginTest(com.devstack.automation.model.LoginTestData)[pri:0, instance:com.devstack.automation.tests.login.LoginTest@71c8becc]" started-at="2025-03-13T14:28:45 IST" name="loginTest" data-provider="commonDataProvider" finished-at="2025-03-13T14:28:48 IST" duration-ms="2548" status="PASS">
          <params>
            <param index="0">
              <value>
                <![CDATA[com.devstack.automation.model.LoginTestData@4f6b687e]]>
              </value>
            </param>
          </params>
          <reporter-output>
          </reporter-output>
        </test-method> <!-- loginTest -->
        <test-method is-config="true" signature="afterMethod(org.testng.ITestResult)[pri:0, instance:com.devstack.automation.tests.login.LoginTest@71c8becc]" started-at="2025-03-13T14:28:48 IST" name="afterMethod" finished-at="2025-03-13T14:28:48 IST" duration-ms="85" status="PASS">
          <params>
            <param index="0">
              <value>
                <![CDATA[[TestResult name=loginTest status=SUCCESS method=LoginTest.loginTest(com.devstack.automation.model.LoginTestData)[pri:0, instance:com.devstack.automation.tests.login.LoginTest@71c8becc] output={null}]]]>
              </value>
            </param>
          </params>
          <reporter-output>
          </reporter-output>
        </test-method> <!-- afterMethod -->
      </class> <!-- com.devstack.automation.tests.login.LoginTest -->
      <class name="com.devstack.automation.tests.BaseTest">
        <test-method is-config="true" signature="beforeSuite()[pri:0, instance:com.devstack.automation.tests.BaseTest@2aa5fe93]" started-at="2025-03-13T14:28:41 IST" name="beforeSuite" finished-at="2025-03-13T14:28:41 IST" duration-ms="63" status="PASS">
          <reporter-output>
          </reporter-output>
        </test-method> <!-- beforeSuite -->
        <test-method is-config="true" signature="afterSuite()[pri:0, instance:com.devstack.automation.tests.BaseTest@2aa5fe93]" started-at="2025-03-13T14:28:48 IST" name="afterSuite" finished-at="2025-03-13T14:28:48 IST" duration-ms="0" status="PASS">
          <reporter-output>
          </reporter-output>
        </test-method> <!-- afterSuite -->
      </class> <!-- com.devstack.automation.tests.BaseTest -->
    </test> <!-- Surefire test -->
  </suite> <!-- Surefire suite -->
</testng-results>
